<?xml version="1.0" encoding="UTF-8"?>
<!-- Generated by org.testng.reporters.JUnitXMLReporter -->
<testsuite hostname="DESKTOP-0EFE3AH" name="Default test" tests="3" failures="0" timestamp="6 Aug 2021 06:25:51 GMT" time="35.134" errors="0">
  <testcase name="registerTest" time="3.215" classname="com.TestPage.RegistrationTestPage"/>
  <testcase name="registerTest" time="3.032" classname="com.TestPage.RegistrationTestPage"/>
  <testcase name="registerTest" time="3.514" classname="com.TestPage.RegistrationTestPage"/>
</testsuite> <!-- Default test -->
